mode: set
github.com/seer-server/script-engine/engine.go:43.26,50.2 1 0
github.com/seer-server/script-engine/engine.go:54.41,57.51 3 0
github.com/seer-server/script-engine/engine.go:61.2,61.20 1 0
github.com/seer-server/script-engine/engine.go:57.51,59.3 1 0
github.com/seer-server/script-engine/engine.go:66.62,70.51 4 0
github.com/seer-server/script-engine/engine.go:74.2,74.20 1 0
github.com/seer-server/script-engine/engine.go:70.51,72.3 1 0
github.com/seer-server/script-engine/engine.go:79.44,80.55 1 0
github.com/seer-server/script-engine/engine.go:84.2,84.12 1 0
github.com/seer-server/script-engine/engine.go:80.55,82.3 1 0
github.com/seer-server/script-engine/engine.go:88.26,90.2 1 0
github.com/seer-server/script-engine/engine.go:93.44,95.2 1 0
github.com/seer-server/script-engine/engine.go:98.47,100.2 1 0
github.com/seer-server/script-engine/engine.go:103.58,107.2 2 0
github.com/seer-server/script-engine/engine.go:110.48,114.2 2 0
github.com/seer-server/script-engine/engine.go:118.68,121.2 2 0
github.com/seer-server/script-engine/engine.go:125.60,127.42 2 0
github.com/seer-server/script-engine/engine.go:133.2,133.30 1 0
github.com/seer-server/script-engine/engine.go:127.42,129.3 1 0
github.com/seer-server/script-engine/engine.go:129.3,132.3 2 0
github.com/seer-server/script-engine/engine.go:138.84,140.31 2 0
github.com/seer-server/script-engine/engine.go:148.2,148.37 1 0
github.com/seer-server/script-engine/engine.go:153.2,155.14 2 0
github.com/seer-server/script-engine/engine.go:140.31,141.44 1 0
github.com/seer-server/script-engine/engine.go:141.44,143.4 1 0
github.com/seer-server/script-engine/engine.go:143.4,145.4 1 0
github.com/seer-server/script-engine/engine.go:148.37,152.3 2 0
github.com/seer-server/script-engine/engine.go:162.34,166.19 4 0
github.com/seer-server/script-engine/engine.go:170.2,170.12 1 0
github.com/seer-server/script-engine/engine.go:166.19,168.3 1 0
github.com/seer-server/script-engine/engine.go:176.43,179.2 2 0
github.com/seer-server/script-engine/engine.go:182.33,186.2 2 0
github.com/seer-server/script-engine/engine.go:190.39,192.2 1 0
github.com/seer-server/script-engine/engine.go:195.31,200.2 3 0
github.com/seer-server/script-engine/engine.go:203.35,208.2 3 0
github.com/seer-server/script-engine/engine.go:211.37,215.2 2 0
github.com/seer-server/script-engine/engine.go:219.37,221.2 1 0
github.com/seer-server/script-engine/engine.go:224.37,228.2 2 0
github.com/seer-server/script-engine/engine.go:232.36,237.2 3 0
github.com/seer-server/script-engine/engine.go:240.45,244.2 2 0
github.com/seer-server/script-engine/engine.go:250.91,252.31 2 0
github.com/seer-server/script-engine/engine.go:257.2,257.50 1 0
github.com/seer-server/script-engine/engine.go:265.2,271.16 2 0
github.com/seer-server/script-engine/engine.go:275.2,276.32 2 0
github.com/seer-server/script-engine/engine.go:279.2,281.21 2 0
github.com/seer-server/script-engine/engine.go:252.31,255.3 2 0
github.com/seer-server/script-engine/engine.go:257.50,259.52 2 0
github.com/seer-server/script-engine/engine.go:262.3,262.34 1 0
github.com/seer-server/script-engine/engine.go:259.52,261.4 1 0
github.com/seer-server/script-engine/engine.go:271.16,273.3 1 0
github.com/seer-server/script-engine/engine.go:276.32,278.3 1 0
github.com/seer-server/script-engine/engine.go:286.61,289.2 2 0
github.com/seer-server/script-engine/engine.go:294.62,299.2 4 0
github.com/seer-server/script-engine/engine.go:303.88,310.2 5 0
github.com/seer-server/script-engine/engine.go:313.51,314.31 1 0
github.com/seer-server/script-engine/engine.go:318.2,318.41 1 0
github.com/seer-server/script-engine/engine.go:314.31,316.3 1 0
github.com/seer-server/script-engine/engine.go:322.36,327.2 3 0
github.com/seer-server/script-engine/engine.go:330.72,331.34 1 0
github.com/seer-server/script-engine/engine.go:331.34,335.3 2 0
github.com/seer-server/script-engine/engine.go:340.67,342.2 1 0
github.com/seer-server/script-engine/lua_val_wrappers.go:6.34,8.2 1 0
github.com/seer-server/script-engine/lua_val_wrappers.go:11.33,13.2 1 0
github.com/seer-server/script-engine/lua_val_wrappers.go:16.22,18.2 1 0
github.com/seer-server/script-engine/lua_val_wrappers.go:21.29,22.7 1 0
github.com/seer-server/script-engine/lua_val_wrappers.go:22.7,24.3 1 0
github.com/seer-server/script-engine/lua_val_wrappers.go:24.3,26.3 1 0
github.com/seer-server/script-engine/value.go:15.53,17.2 1 0
github.com/seer-server/script-engine/value.go:20.36,22.2 1 0
github.com/seer-server/script-engine/value.go:32.39,36.2 1 0
github.com/seer-server/script-engine/value.go:39.33,41.2 1 0
github.com/seer-server/script-engine/value.go:44.35,46.2 1 0
github.com/seer-server/script-engine/value.go:51.35,53.2 1 0
github.com/seer-server/script-engine/value.go:56.36,58.2 1 0
github.com/seer-server/script-engine/value.go:62.31,64.2 1 0
github.com/seer-server/script-engine/value.go:67.30,69.2 1 0
github.com/seer-server/script-engine/value.go:73.32,75.2 1 0
github.com/seer-server/script-engine/value.go:78.31,80.2 1 0
github.com/seer-server/script-engine/value.go:85.33,87.2 1 0
github.com/seer-server/script-engine/value.go:90.31,92.2 1 0
github.com/seer-server/script-engine/value.go:95.35,97.2 1 0
github.com/seer-server/script-engine/value.go:100.33,102.2 1 0
github.com/seer-server/script-engine/value.go:105.32,107.2 1 0
github.com/seer-server/script-engine/value.go:112.32,114.2 1 0
github.com/seer-server/script-engine/value.go:117.44,121.2 2 0
github.com/seer-server/script-engine/value.go:124.35,126.2 1 0
github.com/seer-server/script-engine/value.go:129.50,133.2 2 0
github.com/seer-server/script-engine/value.go:136.43,137.17 1 0
github.com/seer-server/script-engine/value.go:137.17,142.3 3 0
github.com/seer-server/script-engine/value.go:146.50,147.17 1 0
github.com/seer-server/script-engine/value.go:147.17,148.54 1 0
github.com/seer-server/script-engine/value.go:151.3,152.22 2 0
github.com/seer-server/script-engine/value.go:148.54,150.4 1 0
github.com/seer-server/script-engine/value.go:157.50,158.17 1 0
github.com/seer-server/script-engine/value.go:158.17,163.3 3 0
github.com/seer-server/script-engine/value.go:167.27,168.17 1 0
github.com/seer-server/script-engine/value.go:174.2,174.11 1 0
github.com/seer-server/script-engine/value.go:168.17,172.3 2 0
github.com/seer-server/script-engine/value.go:178.28,179.17 1 0
github.com/seer-server/script-engine/value.go:185.2,185.10 1 0
github.com/seer-server/script-engine/value.go:179.17,183.3 2 0
github.com/seer-server/script-engine/value.go:189.56,190.17 1 0
github.com/seer-server/script-engine/value.go:199.2,199.27 1 0
github.com/seer-server/script-engine/value.go:190.17,197.3 4 0
github.com/seer-server/script-engine/value.go:203.40,204.17 1 0
github.com/seer-server/script-engine/value.go:211.2,211.17 1 0
github.com/seer-server/script-engine/value.go:204.17,209.3 3 0
github.com/seer-server/script-engine/value.go:215.57,216.28 1 0
github.com/seer-server/script-engine/value.go:223.2,223.14 1 0
github.com/seer-server/script-engine/value.go:217.2,218.18 1 0
github.com/seer-server/script-engine/value.go:219.2,220.13 1 0
github.com/seer-server/script-engine/value.go:223.14,225.3 1 0
github.com/seer-server/script-engine/value.go:225.3,227.3 1 0
github.com/seer-server/script-engine/value.go:232.57,233.17 1 0
github.com/seer-server/script-engine/value.go:233.17,238.3 3 0
github.com/seer-server/script-engine/value.go:243.60,244.17 1 0
github.com/seer-server/script-engine/value.go:244.17,249.3 3 0
github.com/seer-server/script-engine/value.go:255.41,256.20 1 0
github.com/seer-server/script-engine/value.go:262.2,262.12 1 0
github.com/seer-server/script-engine/value.go:256.20,260.3 2 0
github.com/seer-server/script-engine/value.go:269.61,270.43 1 0
github.com/seer-server/script-engine/value.go:270.43,272.3 1 0
github.com/seer-server/script-engine/value.go:272.3,274.3 1 0
